[LOG] System::create                           : Header version = 2.02.07. Current version = 2.02.09.
[LOG] Manager::init                            : maxchannels = 256 studioflags = 00000006 flags 00000000 extradriverdata 0000000000000000.
[LOG] SystemI::init                            : Initialize version=20209 (128289), maxchannels=256, flags=0x00020000
[LOG] SystemI::setOutputInternal               : Setting output to 'FMOD WASAPI Output'
[LOG] OutputWASAPI::init                       : Mix Format (WAVEFORMATEX): wFormatTag=0xFFFE, nChannels=2, nSamplesPerSec=48000, nAvgBytesPerSec=384000, nBlockAlign=8, wBitsPerSample=32, cbSize=22.
[LOG] OutputWASAPI::init                       : Mix Format (WAVEFORMATEXTENSIBLE): wValidBitsPerSample=32, dwChannelMask=0x00000003, SubFormat=00000003-0000-0010-8000-00AA00389B71.
[LOG] OutputWASAPI::init                       : Output buffer size: 4096 samples, latency: 0.00ms, period: 10.00ms, DSP buffer: 1024 * 4
[LOG] Thread::initThread                       : Init FMOD stream thread. Affinity: 0x4000000000000003, Priority: 0xFFFF7FFB, Stack Size: 98304, Semaphore: No, Sleep Time: 10, Looping: Yes.
[LOG] Thread::initThread                       : Init FMOD mixer thread. Affinity: 0x4000000000000001, Priority: 0xFFFF7FFA, Stack Size: 81920, Semaphore: No, Sleep Time: 0, Looping: Yes.
[LOG] AsyncManager::init                       : manager 000001B08AB1DD08 isAsync 0 updatePeriod 0.02
[LOG] AsyncManager::init                       : done
[LOG] PlaybackSystem::init                     : 
[LOG] Thread::initThread                       : Init FMOD Studio sample load thread. Affinity: 0x4000000000000003, Priority: 0xFFFF7FFD, Stack Size: 98304, Semaphore: No, Sleep Time: 1, Looping: No.
[LOG] PlaybackSystem::init                     : done
[LOG] Thread::initThread                       : Init FMOD Studio bank load thread. Affinity: 0x4000000000000003, Priority: 0xFFFF7FFD, Stack Size: 98304, Semaphore: No, Sleep Time: 1, Looping: No.
[LOG] Manager::init                            : done.
[LOG] Manager::readBank                        : fileversion = 141, compatVersion = 140 (oldest = 44, newest = 142)
[LOG] Manager::readBank                        : fileversion = 141, compatVersion = 140 (oldest = 44, newest = 142)
[LOG] Manager::readBank                        : fileversion = 141, compatVersion = 140 (oldest = 44, newest = 142)
[LOG] PlaybackSystem::acquireMasterBus         : Setting master channel group format to 6
[LOG] Manager::readBank                        : fileversion = 141, compatVersion = 140 (oldest = 44, newest = 142)
[LOG] Manager::readBank                        : fileversion = 141, compatVersion = 140 (oldest = 44, newest = 142)
[LOG] SystemI::mixerSuspend                    : Suspending output.
[LOG] SystemI::mixerResume                     : Resuming output.
[LOG] SystemI::createSoundInternal             : Create name='', mode=0x02000202
[LOG] SystemI::createSoundInternal             : exinfo->cbsize             = 224
[LOG] SystemI::createSoundInternal             : exinfo->length             = 77152
[LOG] SystemI::createSoundInternal             : exinfo->fileoffset         = 6400
[LOG] SystemI::createSoundInternal             : exinfo->numsubsounds       = 1
[LOG] SystemI::createSoundInternal             : exinfo->inclusionlist      = 000000AB4EDFEED8
[LOG] SystemI::createSoundInternal             : exinfo->inclusionlistnum   = 1
[LOG] SystemI::createSoundInternal             : exinfo->suggestedsoundtype = 5
[LOG] SystemI::createSoundInternal             : exinfo->useropen           = 000001B13CC333C0
[LOG] SystemI::createSoundInternal             : exinfo->userclose          = 000001B13CC33380
[LOG] SystemI::createSoundInternal             : exinfo->userread           = 000001B13CC334A0
[LOG] SystemI::createSoundInternal             : exinfo->userseek           = 000001B13CC33560
[LOG] SystemI::createSoundInternal             : exinfo->fileuserdata       = 000001B08A0C28C8
[LOG] SystemI::createSoundInternal             : exinfo->initialseekpostype = 1
[LOG] SystemI::DSPCodecPoolRegister            : register codec pool for pool type 5
[LOG] SystemI::createSoundInternal             : Sample 0/1: name='shot_2_dry', format=5, channels=2, frequency=48000, lengthbytes=16064, lengthpcm=101646, pcmblocksize=0, loopstart=0, loopend=0, mode=0x00000000, channelmask=0x00000000, channelorder=0, peakvolume=0.316191.
[LOG] SystemI::createSoundInternal             : Create name='', mode=0x02000202
[LOG] SystemI::createSoundInternal             : exinfo->cbsize             = 224
[LOG] SystemI::createSoundInternal             : exinfo->length             = 77152
[LOG] SystemI::createSoundInternal             : exinfo->fileoffset         = 6400
[LOG] SystemI::createSoundInternal             : exinfo->numsubsounds       = 1
[LOG] SystemI::createSoundInternal             : exinfo->inclusionlist      = 000000AB4EDFEED8
[LOG] SystemI::createSoundInternal             : exinfo->inclusionlistnum   = 1
[LOG] SystemI::createSoundInternal             : exinfo->suggestedsoundtype = 5
[LOG] SystemI::createSoundInternal             : exinfo->useropen           = 000001B13CC333C0
[LOG] SystemI::createSoundInternal             : exinfo->userclose          = 000001B13CC33380
[LOG] SystemI::createSoundInternal             : exinfo->userread           = 000001B13CC334A0
[LOG] SystemI::createSoundInternal             : exinfo->userseek           = 000001B13CC33560
[LOG] SystemI::createSoundInternal             : exinfo->fileuserdata       = 000001B08A0C28C8
[LOG] SystemI::createSoundInternal             : exinfo->initialseekpostype = 1
[LOG] SystemI::DSPCodecPoolRegister            : register codec pool for pool type 5
[LOG] SystemI::createSoundInternal             : Sample 0/1: name='shot_1_dry', format=5, channels=2, frequency=48000, lengthbytes=16384, lengthpcm=101646, pcmblocksize=0, loopstart=0, loopend=0, mode=0x00000000, channelmask=0x00000000, channelorder=0, peakvolume=0.316056.
[LOG] SoundI::release                          :  (000001B0F13C8E78)
[LOG] SoundI::release                          :     shot_1_dry (000001B067E8CE68)
[LOG] SoundI::release                          :  (000001B0F13C67A8)
[LOG] SoundI::release                          :     shot_2_dry (000001B067E8D1A8)
[LOG] SoundI::release                          :  (000001B068213808)
[LOG] SoundI::release                          :     Biom 1 Transition 3-2 (000001B05D98B098)
[LOG] SoundI::release                          :  (000001B068213DC8)
[LOG] SoundI::release                          :     Biom 1 Transition 2-1 (000001B05D98D2B8)
[LOG] SoundI::release                          :  (000001B068212DF8)
[LOG] SoundI::release                          :     Biom 1 Transition 2-3 (000001B05D98CDD8)
[LOG] SoundI::release                          : Biom 1 Intensity 2 (000001B13D5C7BC8)
[LOG] SoundI::release                          :     Biom 1 Intensity 2 (000001B068444578)
[LOG] SoundI::release                          :     Biom 1 Intensity 2 (000001B13D5C9BD8)
[LOG] SoundI::release                          :  (000001B068211B48)
[LOG] SoundI::release                          :     Biom 1 Transition 1-2 (000001B05D98D5F8)
[LOG] SoundI::release                          :  (000001B0682126C8)
[LOG] SoundI::release                          :     Biom 1 Transition 1-3 (000001B05D98C418)
[LOG] SoundI::release                          :  (000001B068215078)
[LOG] SoundI::release                          :     Biom 1 Transition 3-1 (000001B05D98BD98)
[LOG] Thread::callback                         : FMOD Studio update thread finished.
[LOG] Thread::callback                         : FMOD Studio bank load thread finished.
[LOG] Profile::disconnectAll                   : Profiler disconnecting all clients
[LOG] Thread::callback                         : FMOD Studio sample load thread finished.
[LOG] LiveUpdate::release                      : 
[LOG] LiveUpdate::reset                        : Reset connection (reason Disconnected)
[LOG] Thread::callback                         : FMOD stream thread finished.
[LOG] Thread::callback                         : FMOD mixer thread finished.
[LOG] Profile::disconnectAll                   : Profiler disconnecting all clients
[LOG] SystemI::close                           : Closed.
[LOG] Thread::callback                         : FMOD Studio bank load thread finished.
[LOG] Thread::callback                         : FMOD Studio sample load thread finished.
[LOG] LiveUpdate::release                      : 
[LOG] LiveUpdate::reset                        : Reset connection (reason Disconnected)
[LOG] Thread::callback                         : FMOD stream thread finished.
[LOG] Thread::callback                         : FMOD mixer thread finished.
[LOG] SystemI::close                           : Closed.
[LOG] Thread::callback                         : FMOD nonblocking thread (0) finished.
[LOG] Thread::callback                         : FMOD file thread finished.
